# JRE version: OpenJDK Runtime Environment (8.0_242) (build 1.8.0_242-release-1644-b3-6915495)
# Java VM: OpenJDK 64-Bit Server VM (25.242-b3-6915495 mixed mode bsd-amd64 compressed oops)
Heap:
 PSYoungGen      total 346624K, used 196170K [0x00000007a0000000, 0x00000007bb500000, 0x00000007c0000000)
  eden space 277504K, 59% used [0x00000007a0000000,0x00000007aa247f70,0x00000007b0f00000)
  from space 69120K, 43% used [0x00000007b7180000,0x00000007b8eca8b0,0x00000007bb500000)
  to   space 84992K, 0% used [0x00000007b0f00000,0x00000007b0f00000,0x00000007b6200000)
 ParOldGen       total 354304K, used 246902K [0x0000000760000000, 0x0000000775a00000, 0x00000007a0000000)
  object space 354304K, 69% used [0x0000000760000000,0x000000076f11dba0,0x0000000775a00000)
 Metaspace       used 168365K, capacity 179548K, committed 179672K, reserved 1206272K
  class space    used 21249K, capacity 23208K, committed 23256K, reserved 1048576K
GC Heap History (10 events):
Event: 2563.887 GC heap before
{Heap before GC invocations=41 (full 5):
 PSYoungGen      total 453632K, used 453627K [0x00000007a0000000, 0x00000007c0000000, 0x00000007c0000000)
  eden space 382976K, 100% used [0x00000007a0000000,0x00000007b7600000,0x00000007b7600000)
  from space 70656K, 99% used [0x00000007b7600000,0x00000007bbafecc8,0x00000007bbb00000)
  to   space 70656K, 0% used [0x00000007bbb00000,0x00000007bbb00000,0x00000007c0000000)
 ParOldGen       total 354304K, used 218737K [0x0000000760000000, 0x0000000775a00000, 0x00000007a0000000)
  object space 354304K, 61% used [0x0000000760000000,0x000000076d59c540,0x0000000775a00000)
 Metaspace       used 149698K, capacity 157288K, committed 157656K, reserved 1185792K
  class space    used 18942K, capacity 20280K, committed 20440K, reserved 1048576K
Event: 2564.043 GC heap after
Heap after GC invocations=41 (full 5):
 PSYoungGen      total 390144K, used 61295K [0x00000007a0000000, 0x00000007c0000000, 0x00000007c0000000)
  eden space 319488K, 0% used [0x00000007a0000000,0x00000007a0000000,0x00000007b3800000)
  from space 70656K, 86% used [0x00000007bbb00000,0x00000007bf6dbf40,0x00000007c0000000)
  to   space 102400K, 0% used [0x00000007b3800000,0x00000007b3800000,0x00000007b9c00000)
 ParOldGen       total 354304K, used 246870K [0x0000000760000000, 0x0000000775a00000, 0x00000007a0000000)
  object space 354304K, 69% used [0x0000000760000000,0x000000076f115ba0,0x0000000775a00000)
 Metaspace       used 149698K, capacity 157288K, committed 157656K, reserved 1185792K
  class space    used 18942K, capacity 20280K, committed 20440K, reserved 1048576K
}
Event: 2759.461 GC heap before
{Heap before GC invocations=42 (full 5):
 PSYoungGen      total 390144K, used 380783K [0x00000007a0000000, 0x00000007c0000000, 0x00000007c0000000)
  eden space 319488K, 100% used [0x00000007a0000000,0x00000007b3800000,0x00000007b3800000)
  from space 70656K, 86% used [0x00000007bbb00000,0x00000007bf6dbf40,0x00000007c0000000)
  to   space 102400K, 0% used [0x00000007b3800000,0x00000007b3800000,0x00000007b9c00000)
 ParOldGen       total 354304K, used 246870K [0x0000000760000000, 0x0000000775a00000, 0x00000007a0000000)
  object space 354304K, 69% used [0x0000000760000000,0x000000076f115ba0,0x0000000775a00000)
 Metaspace       used 159618K, capacity 167922K, committed 168024K, reserved 1196032K
  class space    used 20115K, capacity 21571K, committed 21592K, reserved 1048576K
Event: 2759.479 GC heap after
Heap after GC invocations=42 (full 5):
 PSYoungGen      total 329728K, used 21378K [0x00000007a0000000, 0x00000007bed00000, 0x00000007c0000000)
  eden space 308224K, 0% used [0x00000007a0000000,0x00000007a0000000,0x00000007b2d00000)
  from space 21504K, 99% used [0x00000007b3800000,0x00000007b4ce0878,0x00000007b4d00000)
  to   space 98304K, 0% used [0x00000007b8d00000,0x00000007b8d00000,0x00000007bed00000)
 ParOldGen       total 354304K, used 246878K [0x0000000760000000, 0x0000000775a00000, 0x00000007a0000000)
  object space 354304K, 69% used [0x0000000760000000,0x000000076f117ba0,0x0000000775a00000)
 Metaspace       used 159618K, capacity 167922K, committed 168024K, reserved 1196032K
  class space    used 20115K, capacity 21571K, committed 21592K, reserved 1048576K
}
Event: 3092.699 GC heap before
{Heap before GC invocations=43 (full 5):
 PSYoungGen      total 329728K, used 329602K [0x00000007a0000000, 0x00000007bed00000, 0x00000007c0000000)
  eden space 308224K, 100% used [0x00000007a0000000,0x00000007b2d00000,0x00000007b2d00000)
  from space 21504K, 99% used [0x00000007b3800000,0x00000007b4ce0878,0x00000007b4d00000)
  to   space 98304K, 0% used [0x00000007b8d00000,0x00000007b8d00000,0x00000007bed00000)
 ParOldGen       total 354304K, used 246878K [0x0000000760000000, 0x0000000775a00000, 0x00000007a0000000)
  object space 354304K, 69% used [0x0000000760000000,0x000000076f117ba0,0x0000000775a00000)
 Metaspace       used 161842K, capacity 170812K, committed 171096K, reserved 1198080K
  class space    used 20405K, capacity 22004K, committed 22104K, reserved 1048576K
Event: 3092.744 GC heap after
Heap after GC invocations=43 (full 5):
 PSYoungGen      total 378880K, used 12939K [0x00000007a0000000, 0x00000007bdc80000, 0x00000007c0000000)
  eden space 297472K, 0% used [0x00000007a0000000,0x00000007a0000000,0x00000007b2280000)
  from space 81408K, 15% used [0x00000007b8d00000,0x00000007b99a2e98,0x00000007bdc80000)
  to   space 95232K, 0% used [0x00000007b2280000,0x00000007b2280000,0x00000007b7f80000)
 ParOldGen       total 354304K, used 246886K [0x0000000760000000, 0x0000000775a00000, 0x00000007a0000000)
  object space 354304K, 69% used [0x0000000760000000,0x000000076f119ba0,0x0000000775a00000)
 Metaspace       used 161842K, capacity 170812K, committed 171096K, reserved 1198080K
  class space    used 20405K, capacity 22004K, committed 22104K, reserved 1048576K
}
Event: 3142.025 GC heap before
{Heap before GC invocations=44 (full 5):
 PSYoungGen      total 378880K, used 310411K [0x00000007a0000000, 0x00000007bdc80000, 0x00000007c0000000)
  eden space 297472K, 100% used [0x00000007a0000000,0x00000007b2280000,0x00000007b2280000)
  from space 81408K, 15% used [0x00000007b8d00000,0x00000007b99a2e98,0x00000007bdc80000)
  to   space 95232K, 0% used [0x00000007b2280000,0x00000007b2280000,0x00000007b7f80000)
 ParOldGen       total 354304K, used 246886K [0x0000000760000000, 0x0000000775a00000, 0x00000007a0000000)
  object space 354304K, 69% used [0x0000000760000000,0x000000076f119ba0,0x0000000775a00000)
 Metaspace       used 162714K, capacity 171982K, committed 172248K, reserved 1200128K
  class space    used 20469K, capacity 22142K, committed 22232K, reserved 1048576K
Event: 3142.046 GC heap after
Heap after GC invocations=44 (full 5):
 PSYoungGen      total 306688K, used 18995K [0x00000007a0000000, 0x00000007bca80000, 0x00000007c0000000)
  eden space 287232K, 0% used [0x00000007a0000000,0x00000007a0000000,0x00000007b1880000)
  from space 19456K, 97% used [0x00000007b2280000,0x00000007b350cc20,0x00000007b3580000)
  to   space 91136K, 0% used [0x00000007b7180000,0x00000007b7180000,0x00000007bca80000)
 ParOldGen       total 354304K, used 246894K [0x0000000760000000, 0x0000000775a00000, 0x00000007a0000000)
  object space 354304K, 69% used [0x0000000760000000,0x000000076f11bba0,0x0000000775a00000)
 Metaspace       used 162714K, capacity 171982K, committed 172248K, reserved 1200128K
  class space    used 20469K, capacity 22142K, committed 22232K, reserved 1048576K
}
Event: 3724.185 GC heap before
{Heap before GC invocations=45 (full 5):
 PSYoungGen      total 306688K, used 306227K [0x00000007a0000000, 0x00000007bca80000, 0x00000007c0000000)
  eden space 287232K, 100% used [0x00000007a0000000,0x00000007b1880000,0x00000007b1880000)
  from space 19456K, 97% used [0x00000007b2280000,0x00000007b350cc20,0x00000007b3580000)
  to   space 91136K, 0% used [0x00000007b7180000,0x00000007b7180000,0x00000007bca80000)
 ParOldGen       total 354304K, used 246894K [0x0000000760000000, 0x0000000775a00000, 0x00000007a0000000)
  object space 354304K, 69% used [0x0000000760000000,0x000000076f11bba0,0x0000000775a00000)
 Metaspace       used 166527K, capacity 177602K, committed 177880K, reserved 1204224K
  class space    used 21006K, capacity 22935K, committed 23000K, reserved 1048576K
Event: 3724.295 GC heap after
Heap after GC invocations=45 (full 5):
 PSYoungGen      total 346624K, used 29994K [0x00000007a0000000, 0x00000007bb500000, 0x00000007c0000000)
  eden space 277504K, 0% used [0x00000007a0000000,0x00000007a0000000,0x00000007b0f00000)
  from space 69120K, 43% used [0x00000007b7180000,0x00000007b8eca8b0,0x00000007bb500000)
  to   space 84992K, 0% used [0x00000007b0f00000,0x00000007b0f00000,0x00000007b6200000)
 ParOldGen       total 354304K, used 246902K [0x0000000760000000, 0x0000000775a00000, 0x00000007a0000000)
  object space 354304K, 69% used [0x0000000760000000,0x000000076f11dba0,0x0000000775a00000)
 Metaspace       used 166527K, capacity 177602K, committed 177880K, reserved 1204224K
  class space    used 21006K, capacity 22935K, committed 23000K, reserved 1048576K
}

